<?xml version="1.0" encoding="UTF-8"?>
<!-- Generated by org.testng.reporters.JUnitReportReporter -->
<testsuite hostname="VDI-Dev-040" failures="0" tests="2" name="com.lti.controller.TestCase" time="317.785" errors="0" timestamp="2022-01-27T22:20:01 IST" skipped="0">
  <testcase classname="com.lti.controller.TestCase" name="Test" time="65.543"/>
  <system-out/>
  <testcase classname="com.lti.controller.TestCase" name="Test" time="252.242"/>
  <system-out/>
</testsuite> <!-- com.lti.controller.TestCase -->
